[2020-03-19 12:24:04.035]--------------------RPA 编辑器 启动 --------------------
[2020-03-19 12:24:04.035]当前版本1.5.4
[2020-03-19 12:24:04.962][DEBUG]参数 D:\RPA\codes\rpa_code\1_email\email.rpa

[2020-03-19 12:24:05.026][DEBUG]文件打开:D:\RPA\codes\rpa_code\1_email\email.rpa
[2020-03-19 12:24:05.066][DEBUG]总代码行数:115
[2020-03-19 12:24:10.228][DEBUG]运行宏1
[2020-03-19 12:24:10.297]<<<<<<<<<<<<<<<<<<<<<<<<<<<<<<<<<<<<<<<<<<<<<<<<<<<<<<<<
[2020-03-19 12:24:10.298] 【初始化】执行发送邮件。
[2020-03-19 12:24:10.298]    读取收件人邮箱。
[2020-03-19 12:24:10.301][DEBUG]运行宏1
[2020-03-19 12:24:10.330]    收件人邮箱为：【1052163211@qq.com;sunh0729@163.com;】【1052163211@qq.com>sunh0729@163.com;】
[2020-03-19 12:24:10.330]    读取需发送邮件的参数。
[2020-03-19 12:24:10.331]    内容为：0@D:\RPA\summary_data\20200318_20200318\网银明细-20200318-﻿2-02.txt
[2020-03-19 12:24:10.332][DEBUG]运行宏1
[2020-03-19 12:24:10.357]    读取需发送邮件附件2,执行结果记录的路径。
[2020-03-19 12:24:10.358]    运行记录存在。
[2020-03-19 12:24:10.359]    根据参数内容发送邮件。
[2020-03-19 12:24:10.359]    发送【无】数据邮件。
[2020-03-19 12:24:10.359]    附件为汇总整理后的txt空文本。
[2020-03-19 12:24:10.360]    邮件附件存在。
[2020-03-19 12:24:10.361] 【开始】执行发送邮件。
[2020-03-19 12:24:11.769]    发送给中铁的两个附件。
[2020-03-19 12:24:13.078]发送邮件开始, 发件人:sunh0729@163.com, 收件人:sunh0729@163.com;
[2020-03-19 12:24:13.078]进行重试...
[2020-03-19 12:24:13.079]--------------------Python模块 启动 --------------------
[2020-03-19 12:24:13.159]server = zmail.server('sunh0729@163.com', 'HQZQMGNTIVTYLGTA', smtp_host='smtp.163.com')
mail = {'subject':'【银行系统】RPA处理结果','content_text':'本次转换明细为【0】条，文档内容为空！','attachments':['D:\\RPA\\summary_data\\20200318_20200318\\网银明细-20200318-﻿2-02.txt']}
server.send_mail(, mail)
[2020-03-19 12:24:13.159]发送邮件失败
[2020-03-19 12:24:18.154][DEBUG]运行宏1
[2020-03-19 12:24:19.550]发送邮件开始, 发件人:sunh0729@163.com, 收件人:sunh0729@163.com;
[2020-03-19 12:24:19.550]进行重试...
[2020-03-19 12:24:19.551]server = zmail.server('sunh0729@163.com', 'HQZQMGNTIVTYLGTA', smtp_host='smtp.163.com')
mail = {'subject':'【银行系统】RPA处理结果','content_text':'本次转换明细为【0】条，文档内容为空！','attachments':['D:\\RPA\\summary_data\\20200318_20200318\\网银明细-20200318-﻿2-02.txt']}
server.send_mail(, mail)
[2020-03-19 12:24:19.551]发送邮件失败
[2020-03-19 12:24:24.540][DEBUG]运行宏1
[2020-03-19 12:24:25.271]发送邮件开始, 发件人:sunh0729@163.com, 收件人:sunh0729@163.com;
[2020-03-19 12:24:25.271]进行重试...
[2020-03-19 12:24:25.271]server = zmail.server('sunh0729@163.com', 'HQZQMGNTIVTYLGTA', smtp_host='smtp.163.com')
mail = {'subject':'【银行系统】RPA处理结果','content_text':'本次转换明细为【0】条，文档内容为空！','attachments':['D:\\RPA\\summary_data\\20200318_20200318\\网银明细-20200318-﻿2-02.txt']}
server.send_mail(, mail)
[2020-03-19 12:24:25.271]发送邮件失败
[2020-03-19 12:24:30.265][DEBUG]运行宏1
[2020-03-19 12:24:32.831]发送邮件开始, 发件人:sunh0729@163.com, 收件人:sunh0729@163.com;
[2020-03-19 12:24:32.831]进行重试...
[2020-03-19 12:24:32.831]server = zmail.server('sunh0729@163.com', 'HQZQMGNTIVTYLGTA', smtp_host='smtp.163.com')
mail = {'subject':'【银行系统】RPA处理结果','content_text':'本次转换明细为【0】条，文档内容为空！','attachments':['D:\\RPA\\summary_data\\20200318_20200318\\网银明细-20200318-﻿2-02.txt']}
server.send_mail(, mail)
[2020-03-19 12:24:32.831]发送邮件失败
[2020-03-19 12:24:37.822][DEBUG]运行宏1
[2020-03-19 12:24:39.073]发送邮件开始, 发件人:sunh0729@163.com, 收件人:sunh0729@163.com;
[2020-03-19 12:24:39.073]进行重试...
[2020-03-19 12:24:39.073]server = zmail.server('sunh0729@163.com', 'HQZQMGNTIVTYLGTA', smtp_host='smtp.163.com')
mail = {'subject':'【银行系统】RPA处理结果','content_text':'本次转换明细为【0】条，文档内容为空！','attachments':['D:\\RPA\\summary_data\\20200318_20200318\\网银明细-20200318-﻿2-02.txt']}
server.send_mail(, mail)
[2020-03-19 12:24:39.073]发送邮件失败
[2020-03-19 12:24:44.076][DEBUG]运行宏1
[2020-03-19 12:24:54.933][DEBUG]运行结束
[2020-03-19 12:25:11.695][DEBUG]文件保存:D:\RPA\codes\rpa_code\1_email\email.rpa
[2020-03-19 12:25:13.082][DEBUG]运行宏1
[2020-03-19 12:25:13.150]<<<<<<<<<<<<<<<<<<<<<<<<<<<<<<<<<<<<<<<<<<<<<<<<<<<<<<<<
[2020-03-19 12:25:13.151] 【初始化】执行发送邮件。
[2020-03-19 12:25:13.151]    读取收件人邮箱。
[2020-03-19 12:25:13.154][DEBUG]运行宏1
[2020-03-19 12:25:13.182]    收件人邮箱为：【1052163211@qq.com;sunh0729@163.com;】【1052163211@qq.com>sunh0729@163.com;】
[2020-03-19 12:25:13.183]    读取需发送邮件的参数。
[2020-03-19 12:25:13.184]    内容为：0@D:\RPA\summary_data\20200318_20200318\网银明细-20200318-﻿2-02.txt
[2020-03-19 12:25:13.184][DEBUG]运行宏1
[2020-03-19 12:25:13.212]    读取需发送邮件附件2,执行结果记录的路径。
[2020-03-19 12:25:13.213]    运行记录存在。
[2020-03-19 12:25:13.214]    根据参数内容发送邮件。
[2020-03-19 12:25:13.214]    发送【无】数据邮件。
[2020-03-19 12:25:13.215]    附件为汇总整理后的txt空文本。
[2020-03-19 12:25:13.215]    邮件附件存在。
[2020-03-19 12:25:13.216] 【开始】执行发送邮件。
[2020-03-19 12:25:14.077]    发送给中铁的两个附件。
[2020-03-19 12:25:15.151]发送邮件开始, 发件人:18911411264@163.com, 收件人:18911411264@163.com;
[2020-03-19 12:25:15.151]进行重试...
[2020-03-19 12:25:15.152]server = zmail.server('18911411264@163.com', 'ma1052163211', smtp_host='smtp.163.com')
mail = {'subject':'【银行系统】RPA处理结果','content_text':'本次转换明细为【0】条，文档内容为空！','attachments':['D:\\RPA\\summary_data\\20200318_20200318\\网银明细-20200318-﻿2-02.txt']}
server.send_mail(, mail, cc=['sunh0729@163.com'])
[2020-03-19 12:25:15.152]发送邮件失败
[2020-03-19 12:25:20.150][DEBUG]运行宏1
[2020-03-19 12:25:21.998]发送邮件开始, 发件人:18911411264@163.com, 收件人:18911411264@163.com;
[2020-03-19 12:25:21.998]进行重试...
[2020-03-19 12:25:21.998]server = zmail.server('18911411264@163.com', 'ma1052163211', smtp_host='smtp.163.com')
mail = {'subject':'【银行系统】RPA处理结果','content_text':'本次转换明细为【0】条，文档内容为空！','attachments':['D:\\RPA\\summary_data\\20200318_20200318\\网银明细-20200318-﻿2-02.txt']}
server.send_mail(, mail, cc=['sunh0729@163.com'])
[2020-03-19 12:25:21.998]发送邮件失败
[2020-03-19 12:25:26.993][DEBUG]运行宏1
[2020-03-19 12:25:30.164]发送邮件开始, 发件人:18911411264@163.com, 收件人:18911411264@163.com;
[2020-03-19 12:25:30.164]进行重试...
[2020-03-19 12:25:30.165]server = zmail.server('18911411264@163.com', 'ma1052163211', smtp_host='smtp.163.com')
mail = {'subject':'【银行系统】RPA处理结果','content_text':'本次转换明细为【0】条，文档内容为空！','attachments':['D:\\RPA\\summary_data\\20200318_20200318\\网银明细-20200318-﻿2-02.txt']}
server.send_mail(, mail, cc=['sunh0729@163.com'])
[2020-03-19 12:25:30.165]发送邮件失败
[2020-03-19 12:25:35.165][DEBUG]运行宏1
[2020-03-19 12:25:41.519][DEBUG]运行结束
[2020-03-19 12:25:47.470]--------------------RPA 编辑器 退出 --------------------
[2020-03-19 12:25:47.528]--------------------Python模块 退出 --------------------
[2020-03-19 12:34:15.303]--------------------RPA 编辑器 启动 --------------------
[2020-03-19 12:34:15.303]当前版本1.5.4
[2020-03-19 12:34:16.209][DEBUG]参数 D:\RPA\codes\rpa_code\1_email\email.rpa

[2020-03-19 12:34:16.275][DEBUG]文件打开:D:\RPA\codes\rpa_code\1_email\email.rpa
[2020-03-19 12:34:16.314][DEBUG]总代码行数:115
[2020-03-19 12:35:12.965][DEBUG]文件保存:D:\RPA\codes\rpa_code\1_email\email.rpa
[2020-03-19 12:35:18.974][DEBUG]总代码行数:114
[2020-03-19 12:35:19.361][DEBUG]总代码行数:113
[2020-03-19 12:35:21.068][DEBUG]总代码行数:112
[2020-03-19 12:35:22.267][DEBUG]文件保存:D:\RPA\codes\rpa_code\1_email\email.rpa
[2020-03-19 12:35:26.314][DEBUG]PasteRows
[2020-03-19 12:35:26.390][DEBUG]总代码行数:113
[2020-03-19 12:35:43.564][DEBUG]总代码行数:112
[2020-03-19 12:35:45.152][DEBUG]PasteRows
[2020-03-19 12:35:45.189][DEBUG]总代码行数:113
[2020-03-19 12:35:50.507][DEBUG]总代码行数:112
[2020-03-19 12:35:51.929][DEBUG]PasteRows
[2020-03-19 12:35:51.966][DEBUG]总代码行数:113
[2020-03-19 12:35:56.512][DEBUG]PasteRows
[2020-03-19 12:35:56.549][DEBUG]总代码行数:114
[2020-03-19 12:36:07.484][DEBUG]文件保存:D:\RPA\codes\rpa_code\1_email\email.rpa
[2020-03-19 12:36:43.051][DEBUG]文件保存:D:\RPA\codes\rpa_code\1_email\email.rpa
[2020-03-19 12:36:52.550][DEBUG]文件保存:D:\RPA\codes\rpa_code\1_email\email.rpa
[2020-03-19 12:36:54.067][DEBUG]运行宏1
[2020-03-19 12:36:54.133]<<<<<<<<<<<<<<<<<<<<<<<<<<<<<<<<<<<<<<<<<<<<<<<<<<<<<<<<
[2020-03-19 12:36:54.134] 【初始化】执行发送邮件。
[2020-03-19 12:36:54.134]    读取收件人邮箱。
[2020-03-19 12:36:54.137][DEBUG]运行宏1
[2020-03-19 12:36:54.164]    收件人邮箱为：【1052163211@qq.com;sunh0729@163.com;】【1052163211@qq.com>sunh0729@163.com;】
[2020-03-19 12:36:54.164]    读取需发送邮件的参数。
[2020-03-19 12:36:54.166]    内容为：0@D:\RPA\summary_data\20200318_20200318\网银明细-20200318-﻿2-02.txt
[2020-03-19 12:36:54.166][DEBUG]运行宏1
[2020-03-19 12:36:54.191]    读取需发送邮件附件2,执行结果记录的路径。
[2020-03-19 12:36:54.193]    运行记录存在。
[2020-03-19 12:36:54.193]    根据参数内容发送邮件。
[2020-03-19 12:36:54.193]    发送【无】数据邮件。
[2020-03-19 12:36:54.194]    附件为汇总整理后的txt空文本。
[2020-03-19 12:36:54.194]    邮件附件存在。
[2020-03-19 12:36:54.195] 【开始】执行发送邮件。
[2020-03-19 12:36:54.196]    发送给中铁的两个附件。
[2020-03-19 12:36:59.852]发送邮件开始, 发件人:1052163211@qq.com, 收件人:1052163211@qq.com;sunh0729@163.com;
[2020-03-19 12:36:59.852]进行重试...
[2020-03-19 12:36:59.854]--------------------Python模块 启动 --------------------
[2020-03-19 12:36:59.932]server = zmail.server('1052163211@qq.com', 'aumisagqwyfabcaf', smtp_host='smtp.qq.com')
mail = {'subject':'【银行系统】RPA处理结果','content_text':'本次转换明细为【0】条，文档内容为空！','attachments':['D:\\RPA\\summary_data\\20200318_20200318\\网银明细-20200318-﻿2-02.txt','D:/RPA/record/2020-03-19/第1次执行结果统计.txt']}
server.send_mail(, mail)
[2020-03-19 12:36:59.932]发送邮件失败
[2020-03-19 12:37:04.937][DEBUG]运行宏1
[2020-03-19 12:37:06.205]发送邮件开始, 发件人:1052163211@qq.com, 收件人:1052163211@qq.com;sunh0729@163.com;
[2020-03-19 12:37:06.205]进行重试...
[2020-03-19 12:37:06.205]server = zmail.server('1052163211@qq.com', 'aumisagqwyfabcaf', smtp_host='smtp.qq.com')
mail = {'subject':'【银行系统】RPA处理结果','content_text':'本次转换明细为【0】条，文档内容为空！','attachments':['D:\\RPA\\summary_data\\20200318_20200318\\网银明细-20200318-﻿2-02.txt','D:/RPA/record/2020-03-19/第1次执行结果统计.txt']}
server.send_mail(, mail)
[2020-03-19 12:37:06.205]发送邮件失败
[2020-03-19 12:37:11.197][DEBUG]运行宏1
[2020-03-19 12:38:37.612][DEBUG]运行结束
[2020-03-19 12:38:46.205][DEBUG]文件保存:D:\RPA\codes\rpa_code\1_email\email.rpa
[2020-03-19 12:39:13.856][DEBUG]运行宏1
[2020-03-19 12:39:13.909]<<<<<<<<<<<<<<<<<<<<<<<<<<<<<<<<<<<<<<<<<<<<<<<<<<<<<<<<
[2020-03-19 12:39:13.909] 【初始化】执行发送邮件。
[2020-03-19 12:39:13.910]    读取收件人邮箱。
[2020-03-19 12:39:13.913][DEBUG]运行宏1
[2020-03-19 12:39:13.943]    收件人邮箱为：【1052163211@qq.com;】【1052163211@qq.com>sunh0729@163.com;】
[2020-03-19 12:39:13.944]    读取需发送邮件的参数。
[2020-03-19 12:39:13.945]    内容为：0@D:\RPA\summary_data\20200318_20200318\网银明细-20200318-﻿2-02.txt
[2020-03-19 12:39:13.945][DEBUG]运行宏1
[2020-03-19 12:39:13.973]    读取需发送邮件附件2,执行结果记录的路径。
[2020-03-19 12:39:13.974]    运行记录存在。
[2020-03-19 12:39:13.975]    根据参数内容发送邮件。
[2020-03-19 12:39:13.975]    发送【无】数据邮件。
[2020-03-19 12:39:13.976]    附件为汇总整理后的txt空文本。
[2020-03-19 12:39:13.976]    邮件附件存在。
[2020-03-19 12:39:13.977] 【开始】执行发送邮件。
[2020-03-19 12:39:13.977]    发送给中铁的两个附件。
[2020-03-19 12:39:21.035]发送邮件开始, 发件人:1052163211@qq.com, 收件人:1052163211@qq.com;
[2020-03-19 12:39:21.035]进行重试...
[2020-03-19 12:39:21.036]server = zmail.server('1052163211@qq.com', 'aumisagqwyfabcaf', smtp_host='smtp.qq.com')
mail = {'subject':'【银行系统】RPA处理结果','content_text':'本次转换明细为【0】条，文档内容为空！','attachments':['D:\\RPA\\summary_data\\20200318_20200318\\网银明细-20200318-﻿2-02.txt','D:/RPA/record/2020-03-19/第1次执行结果统计.txt']}
server.send_mail(, mail)
[2020-03-19 12:39:21.036]发送邮件失败
[2020-03-19 12:39:26.026][DEBUG]运行宏1
[2020-03-19 12:39:27.065]发送邮件开始, 发件人:1052163211@qq.com, 收件人:1052163211@qq.com;
[2020-03-19 12:39:27.065]进行重试...
[2020-03-19 12:39:27.065]server = zmail.server('1052163211@qq.com', 'aumisagqwyfabcaf', smtp_host='smtp.qq.com')
mail = {'subject':'【银行系统】RPA处理结果','content_text':'本次转换明细为【0】条，文档内容为空！','attachments':['D:\\RPA\\summary_data\\20200318_20200318\\网银明细-20200318-﻿2-02.txt','D:/RPA/record/2020-03-19/第1次执行结果统计.txt']}
server.send_mail(, mail)
[2020-03-19 12:39:27.065]发送邮件失败
[2020-03-19 12:39:32.061][DEBUG]运行宏1
[2020-03-19 12:39:33.099]发送邮件开始, 发件人:1052163211@qq.com, 收件人:1052163211@qq.com;
[2020-03-19 12:39:33.099]进行重试...
[2020-03-19 12:39:33.099]server = zmail.server('1052163211@qq.com', 'aumisagqwyfabcaf', smtp_host='smtp.qq.com')
mail = {'subject':'【银行系统】RPA处理结果','content_text':'本次转换明细为【0】条，文档内容为空！','attachments':['D:\\RPA\\summary_data\\20200318_20200318\\网银明细-20200318-﻿2-02.txt','D:/RPA/record/2020-03-19/第1次执行结果统计.txt']}
server.send_mail(, mail)
[2020-03-19 12:39:33.099]发送邮件失败
[2020-03-19 12:39:38.087][DEBUG]运行宏1
[2020-03-19 12:39:39.132]发送邮件开始, 发件人:1052163211@qq.com, 收件人:1052163211@qq.com;
[2020-03-19 12:39:39.132]进行重试...
[2020-03-19 12:39:39.132]server = zmail.server('1052163211@qq.com', 'aumisagqwyfabcaf', smtp_host='smtp.qq.com')
mail = {'subject':'【银行系统】RPA处理结果','content_text':'本次转换明细为【0】条，文档内容为空！','attachments':['D:\\RPA\\summary_data\\20200318_20200318\\网银明细-20200318-﻿2-02.txt','D:/RPA/record/2020-03-19/第1次执行结果统计.txt']}
server.send_mail(, mail)
[2020-03-19 12:39:39.132]发送邮件失败
[2020-03-19 12:39:44.119][DEBUG]运行宏1
[2020-03-19 12:39:45.173][DEBUG]运行结束
[2020-03-19 12:41:07.768][DEBUG]文件保存:D:\RPA\codes\rpa_code\1_email\email.rpa
[2020-03-19 12:41:08.780][DEBUG]运行宏1
[2020-03-19 12:41:08.830]<<<<<<<<<<<<<<<<<<<<<<<<<<<<<<<<<<<<<<<<<<<<<<<<<<<<<<<<
[2020-03-19 12:41:08.830] 【初始化】执行发送邮件。
[2020-03-19 12:41:08.830]    读取收件人邮箱。
[2020-03-19 12:41:08.833][DEBUG]运行宏1
[2020-03-19 12:41:08.861]    收件人邮箱为：【1052163211@qq.com;】【1052163211@qq.com>sunh0729@163.com;】
[2020-03-19 12:41:08.861]    读取需发送邮件的参数。
[2020-03-19 12:41:08.862]    内容为：0@D:\RPA\summary_data\20200318_20200318\网银明细-20200318-﻿2-02.txt
[2020-03-19 12:41:08.863][DEBUG]运行宏1
[2020-03-19 12:41:08.890]    读取需发送邮件附件2,执行结果记录的路径。
[2020-03-19 12:41:08.891]    运行记录存在。
[2020-03-19 12:41:08.892]    根据参数内容发送邮件。
[2020-03-19 12:41:08.892]    发送【无】数据邮件。
[2020-03-19 12:41:08.892]    附件为汇总整理后的txt空文本。
[2020-03-19 12:41:08.893]    邮件附件存在。
[2020-03-19 12:41:08.894] 【开始】执行发送邮件。
[2020-03-19 12:41:08.894]    发送给中铁的两个附件。
[2020-03-19 12:41:11.773]发送邮件开始, 发件人:1052163211@qq.com, 收件人:1052163211@qq.com;
[2020-03-19 12:41:11.773]进行重试...
[2020-03-19 12:41:11.773]server = zmail.server('1052163211@qq.com', 'aumisagqwyfabcaf', smtp_host='smtp.qq.com')
mail = {'subject':'【银行系统】RPA处理结果','content_text':'本次转换明细为【0】条，文档内容为空！','attachments':['D:\\RPA\\summary_data\\20200318_20200318\\网银明细-20200318-﻿2-02.txt','D:/RPA/record/2020-03-19/第1次执行结果统计.txt']}
server.send_mail(, mail)
[2020-03-19 12:41:11.773]发送邮件失败
[2020-03-19 12:41:16.775][DEBUG]运行宏1
[2020-03-19 12:41:17.823]发送邮件开始, 发件人:1052163211@qq.com, 收件人:1052163211@qq.com;
[2020-03-19 12:41:17.823]进行重试...
[2020-03-19 12:41:17.823]server = zmail.server('1052163211@qq.com', 'aumisagqwyfabcaf', smtp_host='smtp.qq.com')
mail = {'subject':'【银行系统】RPA处理结果','content_text':'本次转换明细为【0】条，文档内容为空！','attachments':['D:\\RPA\\summary_data\\20200318_20200318\\网银明细-20200318-﻿2-02.txt','D:/RPA/record/2020-03-19/第1次执行结果统计.txt']}
server.send_mail(, mail)
[2020-03-19 12:41:17.823]发送邮件失败
[2020-03-19 12:41:22.824][DEBUG]运行宏1
[2020-03-19 12:41:23.870]发送邮件开始, 发件人:1052163211@qq.com, 收件人:1052163211@qq.com;
[2020-03-19 12:41:23.870]进行重试...
[2020-03-19 12:41:23.870]server = zmail.server('1052163211@qq.com', 'aumisagqwyfabcaf', smtp_host='smtp.qq.com')
mail = {'subject':'【银行系统】RPA处理结果','content_text':'本次转换明细为【0】条，文档内容为空！','attachments':['D:\\RPA\\summary_data\\20200318_20200318\\网银明细-20200318-﻿2-02.txt','D:/RPA/record/2020-03-19/第1次执行结果统计.txt']}
server.send_mail(, mail)
[2020-03-19 12:41:23.870]发送邮件失败
[2020-03-19 12:41:28.869][DEBUG]运行宏1
[2020-03-19 12:41:29.910]发送邮件开始, 发件人:1052163211@qq.com, 收件人:1052163211@qq.com;
[2020-03-19 12:41:29.910]进行重试...
[2020-03-19 12:41:29.911]server = zmail.server('1052163211@qq.com', 'aumisagqwyfabcaf', smtp_host='smtp.qq.com')
mail = {'subject':'【银行系统】RPA处理结果','content_text':'本次转换明细为【0】条，文档内容为空！','attachments':['D:\\RPA\\summary_data\\20200318_20200318\\网银明细-20200318-﻿2-02.txt','D:/RPA/record/2020-03-19/第1次执行结果统计.txt']}
server.send_mail(, mail)
[2020-03-19 12:41:29.911]发送邮件失败
[2020-03-19 12:41:34.900][DEBUG]运行宏1
[2020-03-19 12:41:35.948]发送邮件开始, 发件人:1052163211@qq.com, 收件人:1052163211@qq.com;
[2020-03-19 12:41:35.948]进行重试...
[2020-03-19 12:41:35.948]server = zmail.server('1052163211@qq.com', 'aumisagqwyfabcaf', smtp_host='smtp.qq.com')
mail = {'subject':'【银行系统】RPA处理结果','content_text':'本次转换明细为【0】条，文档内容为空！','attachments':['D:\\RPA\\summary_data\\20200318_20200318\\网银明细-20200318-﻿2-02.txt','D:/RPA/record/2020-03-19/第1次执行结果统计.txt']}
server.send_mail(, mail)
[2020-03-19 12:41:35.948]发送邮件失败
[2020-03-19 12:41:40.947][DEBUG]运行宏1
[2020-03-19 12:41:41.995]发送邮件开始, 发件人:1052163211@qq.com, 收件人:1052163211@qq.com;
[2020-03-19 12:41:41.995]进行重试...
[2020-03-19 12:41:41.995]server = zmail.server('1052163211@qq.com', 'aumisagqwyfabcaf', smtp_host='smtp.qq.com')
mail = {'subject':'【银行系统】RPA处理结果','content_text':'本次转换明细为【0】条，文档内容为空！','attachments':['D:\\RPA\\summary_data\\20200318_20200318\\网银明细-20200318-﻿2-02.txt','D:/RPA/record/2020-03-19/第1次执行结果统计.txt']}
server.send_mail(, mail)
[2020-03-19 12:41:41.995]发送邮件失败
[2020-03-19 12:41:46.994][DEBUG]运行宏1
[2020-03-19 12:41:48.037]发送邮件开始, 发件人:1052163211@qq.com, 收件人:1052163211@qq.com;
[2020-03-19 12:41:48.037]进行重试...
[2020-03-19 12:41:48.037]server = zmail.server('1052163211@qq.com', 'aumisagqwyfabcaf', smtp_host='smtp.qq.com')
mail = {'subject':'【银行系统】RPA处理结果','content_text':'本次转换明细为【0】条，文档内容为空！','attachments':['D:\\RPA\\summary_data\\20200318_20200318\\网银明细-20200318-﻿2-02.txt','D:/RPA/record/2020-03-19/第1次执行结果统计.txt']}
server.send_mail(, mail)
[2020-03-19 12:41:48.037]发送邮件失败
[2020-03-19 12:41:53.029][DEBUG]运行结束
[2020-03-19 12:42:25.191][DEBUG]文件保存:D:\RPA\codes\rpa_code\1_email\email.rpa
[2020-03-19 12:42:26.476][DEBUG]运行宏1
[2020-03-19 12:42:26.537]<<<<<<<<<<<<<<<<<<<<<<<<<<<<<<<<<<<<<<<<<<<<<<<<<<<<<<<<
[2020-03-19 12:42:26.537] 【初始化】执行发送邮件。
[2020-03-19 12:42:26.537]    读取收件人邮箱。
[2020-03-19 12:42:26.540][DEBUG]运行宏1
[2020-03-19 12:42:26.569]    收件人邮箱为：【1052163211@qq.com;】【1052163211@qq.com>sunh0729@163.com;】
[2020-03-19 12:42:26.570]    读取需发送邮件的参数。
[2020-03-19 12:42:26.571]    内容为：0@D:\RPA\summary_data\20200318_20200318\网银明细-20200318-﻿2-02.txt
[2020-03-19 12:42:26.571][DEBUG]运行宏1
[2020-03-19 12:42:26.601]    读取需发送邮件附件2,执行结果记录的路径。
[2020-03-19 12:42:26.602]    运行记录存在。
[2020-03-19 12:42:26.602]    根据参数内容发送邮件。
[2020-03-19 12:42:26.603]    发送【无】数据邮件。
[2020-03-19 12:42:26.603]    附件为汇总整理后的txt空文本。
[2020-03-19 12:42:26.604]    邮件附件存在。
[2020-03-19 12:42:26.604] 【开始】执行发送邮件。
[2020-03-19 12:42:26.605]    发送给中铁的两个附件。
[2020-03-19 12:42:32.540]发送邮件开始, 发件人:1052163211@qq.com, 收件人:1052163211@qq.com;
[2020-03-19 12:42:32.540]进行重试...
[2020-03-19 12:42:32.540]server = zmail.server('1052163211@qq.com', 'aumisagqwyfabcaf', smtp_host='smtp.qq.com')
mail = {'subject':'【银行系统】RPA处理结果','content_text':'本次转换明细为【0】条，文档内容为空！','attachments':['D:\\RPA\\summary_data\\20200318_20200318\\网银明细-20200318-﻿2-02.txt']}
server.send_mail(, mail)
[2020-03-19 12:42:32.540]发送邮件失败
[2020-03-19 12:42:37.541][DEBUG]运行宏1
[2020-03-19 12:42:38.588]发送邮件开始, 发件人:1052163211@qq.com, 收件人:1052163211@qq.com;
[2020-03-19 12:42:38.588]进行重试...
[2020-03-19 12:42:38.588]server = zmail.server('1052163211@qq.com', 'aumisagqwyfabcaf', smtp_host='smtp.qq.com')
mail = {'subject':'【银行系统】RPA处理结果','content_text':'本次转换明细为【0】条，文档内容为空！','attachments':['D:\\RPA\\summary_data\\20200318_20200318\\网银明细-20200318-﻿2-02.txt']}
server.send_mail(, mail)
[2020-03-19 12:42:38.588]发送邮件失败
[2020-03-19 12:42:43.587][DEBUG]运行宏1
[2020-03-19 12:42:44.624]发送邮件开始, 发件人:1052163211@qq.com, 收件人:1052163211@qq.com;
[2020-03-19 12:42:44.624]进行重试...
[2020-03-19 12:42:44.624]server = zmail.server('1052163211@qq.com', 'aumisagqwyfabcaf', smtp_host='smtp.qq.com')
mail = {'subject':'【银行系统】RPA处理结果','content_text':'本次转换明细为【0】条，文档内容为空！','attachments':['D:\\RPA\\summary_data\\20200318_20200318\\网银明细-20200318-﻿2-02.txt']}
server.send_mail(, mail)
[2020-03-19 12:42:44.624]发送邮件失败
[2020-03-19 12:42:49.618][DEBUG]运行宏1
[2020-03-19 12:42:50.677]发送邮件开始, 发件人:1052163211@qq.com, 收件人:1052163211@qq.com;
[2020-03-19 12:42:50.677]进行重试...
[2020-03-19 12:42:50.677]server = zmail.server('1052163211@qq.com', 'aumisagqwyfabcaf', smtp_host='smtp.qq.com')
mail = {'subject':'【银行系统】RPA处理结果','content_text':'本次转换明细为【0】条，文档内容为空！','attachments':['D:\\RPA\\summary_data\\20200318_20200318\\网银明细-20200318-﻿2-02.txt']}
server.send_mail(, mail)
[2020-03-19 12:42:50.677]发送邮件失败
[2020-03-19 12:42:55.667][DEBUG]运行结束
[2020-03-19 12:43:25.930][DEBUG]文件保存:D:\RPA\codes\rpa_code\1_email\email.rpa
[2020-03-19 12:43:27.109][DEBUG]运行宏1
[2020-03-19 12:43:27.146]<<<<<<<<<<<<<<<<<<<<<<<<<<<<<<<<<<<<<<<<<<<<<<<<<<<<<<<<
[2020-03-19 12:43:27.147] 【初始化】执行发送邮件。
[2020-03-19 12:43:27.147]    读取收件人邮箱。
[2020-03-19 12:43:27.150][DEBUG]运行宏1
[2020-03-19 12:43:27.180]    收件人邮箱为：【1052163211@qq.com;】【1052163211@qq.com>sunh0729@163.com;】
[2020-03-19 12:43:27.181]    读取需发送邮件的参数。
[2020-03-19 12:43:27.182]    内容为：0@D:\RPA\summary_data\20200318_20200318\网银明细-20200318-﻿2-02.txt
[2020-03-19 12:43:27.183][DEBUG]运行宏1
[2020-03-19 12:43:27.212]    读取需发送邮件附件2,执行结果记录的路径。
[2020-03-19 12:43:27.214]    运行记录存在。
[2020-03-19 12:43:27.214]    根据参数内容发送邮件。
[2020-03-19 12:43:27.215]    发送【无】数据邮件。
[2020-03-19 12:43:27.215]    附件为汇总整理后的txt空文本。
[2020-03-19 12:43:27.215]    邮件附件存在。
[2020-03-19 12:43:27.216] 【开始】执行发送邮件。
[2020-03-19 12:43:27.217]    发送给中铁的两个附件。
[2020-03-19 12:43:31.947]发送邮件开始, 发件人:1052163211@qq.com, 收件人:1052163211@qq.com;
[2020-03-19 12:43:31.947]进行重试...
[2020-03-19 12:43:31.948]server = zmail.server('1052163211@qq.com', 'aumisagqwyfabcaf', smtp_host='smtp.qq.com')
mail = {'subject':'【银行系统】RPA处理结果aa','content_text':'本次转换明细为【0】条，文档内容为空！','attachments':['D:\\RPA\\summary_data\\20200318_20200318\\网银明细-20200318-﻿2-02.txt']}
server.send_mail(, mail)
[2020-03-19 12:43:31.948]发送邮件失败
[2020-03-19 12:43:36.952][DEBUG]运行宏1
[2020-03-19 12:43:37.991]发送邮件开始, 发件人:1052163211@qq.com, 收件人:1052163211@qq.com;
[2020-03-19 12:43:37.991]进行重试...
[2020-03-19 12:43:37.991]server = zmail.server('1052163211@qq.com', 'aumisagqwyfabcaf', smtp_host='smtp.qq.com')
mail = {'subject':'【银行系统】RPA处理结果aa','content_text':'本次转换明细为【0】条，文档内容为空！','attachments':['D:\\RPA\\summary_data\\20200318_20200318\\网银明细-20200318-﻿2-02.txt']}
server.send_mail(, mail)
[2020-03-19 12:43:37.991]发送邮件失败
[2020-03-19 12:43:42.983][DEBUG]运行宏1
[2020-03-19 12:43:44.036]发送邮件开始, 发件人:1052163211@qq.com, 收件人:1052163211@qq.com;
[2020-03-19 12:43:44.036]进行重试...
[2020-03-19 12:43:44.036]server = zmail.server('1052163211@qq.com', 'aumisagqwyfabcaf', smtp_host='smtp.qq.com')
mail = {'subject':'【银行系统】RPA处理结果aa','content_text':'本次转换明细为【0】条，文档内容为空！','attachments':['D:\\RPA\\summary_data\\20200318_20200318\\网银明细-20200318-﻿2-02.txt']}
server.send_mail(, mail)
[2020-03-19 12:43:44.036]发送邮件失败
[2020-03-19 12:43:49.027][DEBUG]运行结束
[2020-03-19 12:43:58.016][DEBUG]文件保存:D:\RPA\codes\rpa_code\1_email\email.rpa
[2020-03-19 12:43:59.341][DEBUG]运行宏1
[2020-03-19 12:43:59.377]<<<<<<<<<<<<<<<<<<<<<<<<<<<<<<<<<<<<<<<<<<<<<<<<<<<<<<<<
[2020-03-19 12:43:59.378] 【初始化】执行发送邮件。
[2020-03-19 12:43:59.378]    读取收件人邮箱。
[2020-03-19 12:43:59.381][DEBUG]运行宏1
[2020-03-19 12:43:59.411]    收件人邮箱为：【1052163211@qq.com;】【1052163211@qq.com>sunh0729@163.com;】
[2020-03-19 12:43:59.411]    读取需发送邮件的参数。
[2020-03-19 12:43:59.412]    内容为：0@D:\RPA\summary_data\20200318_20200318\网银明细-20200318-﻿2-02.txt
[2020-03-19 12:43:59.413][DEBUG]运行宏1
[2020-03-19 12:43:59.441]    读取需发送邮件附件2,执行结果记录的路径。
[2020-03-19 12:43:59.442]    运行记录存在。
[2020-03-19 12:43:59.442]    根据参数内容发送邮件。
[2020-03-19 12:43:59.443]    发送【无】数据邮件。
[2020-03-19 12:43:59.443]    附件为汇总整理后的txt空文本。
[2020-03-19 12:43:59.444]    邮件附件存在。
[2020-03-19 12:43:59.445] 【开始】执行发送邮件。
[2020-03-19 12:43:59.446]    发送给中铁的两个附件。
[2020-03-19 12:44:06.558]发送邮件开始, 发件人:1052163211@qq.com, 收件人:1052163211@qq.com;
[2020-03-19 12:44:06.558]进行重试...
[2020-03-19 12:44:06.558]server = zmail.server('1052163211@qq.com', 'aumisagqwyfabcaf', smtp_host='smtp.qq.com')
mail = {'subject':'1111','content_text':'本次转换明细为【0】条，文档内容为空！','attachments':['D:\\RPA\\summary_data\\20200318_20200318\\网银明细-20200318-﻿2-02.txt']}
server.send_mail(, mail)
[2020-03-19 12:44:06.558]发送邮件失败
[2020-03-19 12:44:11.563][DEBUG]运行宏1
[2020-03-19 12:44:12.598]发送邮件开始, 发件人:1052163211@qq.com, 收件人:1052163211@qq.com;
[2020-03-19 12:44:12.598]进行重试...
[2020-03-19 12:44:12.598]server = zmail.server('1052163211@qq.com', 'aumisagqwyfabcaf', smtp_host='smtp.qq.com')
mail = {'subject':'1111','content_text':'本次转换明细为【0】条，文档内容为空！','attachments':['D:\\RPA\\summary_data\\20200318_20200318\\网银明细-20200318-﻿2-02.txt']}
server.send_mail(, mail)
[2020-03-19 12:44:12.598]发送邮件失败
[2020-03-19 12:44:17.586][DEBUG]运行宏1
[2020-03-19 12:44:18.629]发送邮件开始, 发件人:1052163211@qq.com, 收件人:1052163211@qq.com;
[2020-03-19 12:44:18.629]进行重试...
[2020-03-19 12:44:18.630]server = zmail.server('1052163211@qq.com', 'aumisagqwyfabcaf', smtp_host='smtp.qq.com')
mail = {'subject':'1111','content_text':'本次转换明细为【0】条，文档内容为空！','attachments':['D:\\RPA\\summary_data\\20200318_20200318\\网银明细-20200318-﻿2-02.txt']}
server.send_mail(, mail)
[2020-03-19 12:44:18.630]发送邮件失败
[2020-03-19 12:44:23.621][DEBUG]运行结束
[2020-03-19 12:44:45.916][DEBUG]文件保存:D:\RPA\codes\rpa_code\1_email\email.rpa
[2020-03-19 12:44:48.625][DEBUG]运行宏1
[2020-03-19 12:44:48.669]<<<<<<<<<<<<<<<<<<<<<<<<<<<<<<<<<<<<<<<<<<<<<<<<<<<<<<<<
[2020-03-19 12:44:48.670] 【初始化】执行发送邮件。
[2020-03-19 12:44:48.670]    读取收件人邮箱。
[2020-03-19 12:44:48.672][DEBUG]运行宏1
[2020-03-19 12:44:48.698]    收件人邮箱为：【1052163211@qq.com;】【1052163211@qq.com>sunh0729@163.com;】
[2020-03-19 12:44:48.699]    读取需发送邮件的参数。
[2020-03-19 12:44:48.700]    内容为：0@D:\RPA\summary_data\20200318_20200318\网银明细-20200318-﻿2-02.txt
[2020-03-19 12:44:48.700][DEBUG]运行宏1
[2020-03-19 12:44:48.726]    读取需发送邮件附件2,执行结果记录的路径。
[2020-03-19 12:44:48.728]    运行记录存在。
[2020-03-19 12:44:48.728]    根据参数内容发送邮件。
[2020-03-19 12:44:48.729]    发送【无】数据邮件。
[2020-03-19 12:44:48.729]    附件为汇总整理后的txt空文本。
[2020-03-19 12:44:48.729]    邮件附件存在。
[2020-03-19 12:44:48.730] 【开始】执行发送邮件。
[2020-03-19 12:44:48.731]    发送给中铁的两个附件。
[2020-03-19 12:44:55.784]发送邮件开始, 发件人:1052163211@qq.com, 收件人:1052163211@qq.com;
[2020-03-19 12:44:55.784]进行重试...
[2020-03-19 12:44:55.785]server = zmail.server('1052163211@qq.com', 'aumisagqwyfabcaf', smtp_host='smtp.qq.com')
mail = {'subject':'1111','content_text':'qwer','attachments':['D:\\RPA\\summary_data\\20200318_20200318\\网银明细-20200318-﻿2-02.txt']}
server.send_mail(, mail)
[2020-03-19 12:44:55.785]发送邮件失败
[2020-03-19 12:45:00.775][DEBUG]运行宏1
[2020-03-19 12:45:01.823]发送邮件开始, 发件人:1052163211@qq.com, 收件人:1052163211@qq.com;
[2020-03-19 12:45:01.823]进行重试...
[2020-03-19 12:45:01.823]server = zmail.server('1052163211@qq.com', 'aumisagqwyfabcaf', smtp_host='smtp.qq.com')
mail = {'subject':'1111','content_text':'qwer','attachments':['D:\\RPA\\summary_data\\20200318_20200318\\网银明细-20200318-﻿2-02.txt']}
server.send_mail(, mail)
[2020-03-19 12:45:01.823]发送邮件失败
[2020-03-19 12:45:06.829][DEBUG]运行宏1
[2020-03-19 12:45:07.866]发送邮件开始, 发件人:1052163211@qq.com, 收件人:1052163211@qq.com;
[2020-03-19 12:45:07.866]进行重试...
[2020-03-19 12:45:07.866]server = zmail.server('1052163211@qq.com', 'aumisagqwyfabcaf', smtp_host='smtp.qq.com')
mail = {'subject':'1111','content_text':'qwer','attachments':['D:\\RPA\\summary_data\\20200318_20200318\\网银明细-20200318-﻿2-02.txt']}
server.send_mail(, mail)
[2020-03-19 12:45:07.866]发送邮件失败
[2020-03-19 12:45:12.860][DEBUG]运行宏1
[2020-03-19 12:45:13.916][DEBUG]运行结束
[2020-03-19 12:45:36.984][DEBUG]运行宏2
[2020-03-19 12:45:36.988]发送邮件开始, 发件人:1052163211@qq.com, 收件人:1052163211@qq.com
[2020-03-19 12:45:36.988]进行重试...
[2020-03-19 12:45:38.809]发送邮件成功
[2020-03-19 12:45:38.811][DEBUG]运行结束
[2020-03-19 12:46:50.259][DEBUG]文件保存:D:\RPA\codes\rpa_code\1_email\email.rpa
[2020-03-19 12:46:51.448][DEBUG]运行宏2
[2020-03-19 12:46:51.452]发送邮件开始, 发件人:1052163211@qq.com, 收件人:1052163211@qq.com
[2020-03-19 12:46:51.452]进行重试...
[2020-03-19 12:46:52.685]发送邮件成功
[2020-03-19 12:46:52.686][DEBUG]运行结束
[2020-03-19 12:47:40.795][DEBUG]运行宏1
[2020-03-19 12:47:40.832]<<<<<<<<<<<<<<<<<<<<<<<<<<<<<<<<<<<<<<<<<<<<<<<<<<<<<<<<
[2020-03-19 12:47:40.833] 【初始化】执行发送邮件。
[2020-03-19 12:47:40.833]    读取收件人邮箱。
[2020-03-19 12:47:40.836][DEBUG]运行宏1
[2020-03-19 12:47:40.867]    收件人邮箱为：【1052163211@qq.com;】【1052163211@qq.com>sunh0729@163.com;】
[2020-03-19 12:47:40.867]    读取需发送邮件的参数。
[2020-03-19 12:47:40.869]    内容为：0@D:\RPA\summary_data\20200318_20200318\网银明细-20200318-﻿2-02.txt
[2020-03-19 12:47:40.869][DEBUG]运行宏1
[2020-03-19 12:47:40.900]    读取需发送邮件附件2,执行结果记录的路径。
[2020-03-19 12:47:40.901]    运行记录存在。
[2020-03-19 12:47:40.902]    根据参数内容发送邮件。
[2020-03-19 12:47:40.902]    发送【无】数据邮件。
[2020-03-19 12:47:40.902]    附件为汇总整理后的txt空文本。
[2020-03-19 12:47:40.903]    邮件附件存在。
[2020-03-19 12:47:40.904] 【开始】执行发送邮件。
[2020-03-19 12:47:40.904]    发送给中铁的两个附件。
[2020-03-19 12:47:46.926]发送邮件开始, 发件人:1052163211@qq.com, 收件人:1052163211@qq.com
[2020-03-19 12:47:46.926]进行重试...
[2020-03-19 12:47:47.950]发送邮件成功
[2020-03-19 12:47:52.948]    发送中铁的成功。
[2020-03-19 12:47:52.949]>>>>>>>>>>>>>>>>>>>>>>>>>>>>>>>>>>>>>>>>>>>>>>>>>>>>>>>>>>
[2020-03-19 12:47:52.950][DEBUG]运行结束
[2020-03-19 12:48:28.399][DEBUG]PasteRows
[2020-03-19 12:48:28.438][DEBUG]总代码行数:115
[2020-03-19 12:48:30.973][DEBUG]总代码行数:114
[2020-03-19 12:48:49.796][DEBUG]文件保存:D:\RPA\codes\rpa_code\1_email\email.rpa
[2020-03-19 12:48:53.527][DEBUG]运行宏1
[2020-03-19 12:48:53.565]<<<<<<<<<<<<<<<<<<<<<<<<<<<<<<<<<<<<<<<<<<<<<<<<<<<<<<<<
[2020-03-19 12:48:53.565] 【初始化】执行发送邮件。
[2020-03-19 12:48:53.565]    读取收件人邮箱。
[2020-03-19 12:48:53.568][DEBUG]运行宏1
[2020-03-19 12:48:53.597]    收件人邮箱为：【1052163211@qq.com;】【1052163211@qq.com>sunh0729@163.com;】
[2020-03-19 12:48:53.598]    读取需发送邮件的参数。
[2020-03-19 12:48:53.599]    内容为：0@D:\RPA\summary_data\20200318_20200318\网银明细-20200318-﻿2-02.txt
[2020-03-19 12:48:53.600][DEBUG]运行宏1
[2020-03-19 12:48:53.631]    读取需发送邮件附件2,执行结果记录的路径。
[2020-03-19 12:48:53.632]    运行记录存在。
[2020-03-19 12:48:53.633]    根据参数内容发送邮件。
[2020-03-19 12:48:53.633]    发送【无】数据邮件。
[2020-03-19 12:48:53.634]    附件为汇总整理后的txt空文本。
[2020-03-19 12:48:53.634]    邮件附件存在。
[2020-03-19 12:48:53.635] 【开始】执行发送邮件。
[2020-03-19 12:48:53.636]    发送给中铁的两个附件。
[2020-03-19 12:49:00.711]发送邮件开始, 发件人:1052163211@qq.com, 收件人:1052163211@qq.com;
[2020-03-19 12:49:00.711]进行重试...
[2020-03-19 12:49:00.711]server = zmail.server('1052163211@qq.com', 'aumisagqwyfabcaf', smtp_host='smtp.qq.com')
mail = {'subject':'【银行系统】RPA处理结果','content_text':'这就是正文','attachments':['D:\\RPA\\summary_data\\20200318_20200318\\网银明细-20200318-﻿2-02.txt','D:/RPA/record/2020-03-19/第1次执行结果统计.txt']}
server.send_mail(, mail)
[2020-03-19 12:49:00.711]发送邮件失败
[2020-03-19 12:49:05.712][DEBUG]运行宏1
[2020-03-19 12:49:06.754]发送邮件开始, 发件人:1052163211@qq.com, 收件人:1052163211@qq.com;
[2020-03-19 12:49:06.754]进行重试...
[2020-03-19 12:49:06.754]server = zmail.server('1052163211@qq.com', 'aumisagqwyfabcaf', smtp_host='smtp.qq.com')
mail = {'subject':'【银行系统】RPA处理结果','content_text':'这就是正文','attachments':['D:\\RPA\\summary_data\\20200318_20200318\\网银明细-20200318-﻿2-02.txt','D:/RPA/record/2020-03-19/第1次执行结果统计.txt']}
server.send_mail(, mail)
[2020-03-19 12:49:06.754]发送邮件失败
[2020-03-19 12:49:11.744][DEBUG]运行宏1
[2020-03-19 12:49:12.786]发送邮件开始, 发件人:1052163211@qq.com, 收件人:1052163211@qq.com;
[2020-03-19 12:49:12.786]进行重试...
[2020-03-19 12:49:12.786]server = zmail.server('1052163211@qq.com', 'aumisagqwyfabcaf', smtp_host='smtp.qq.com')
mail = {'subject':'【银行系统】RPA处理结果','content_text':'这就是正文','attachments':['D:\\RPA\\summary_data\\20200318_20200318\\网银明细-20200318-﻿2-02.txt','D:/RPA/record/2020-03-19/第1次执行结果统计.txt']}
server.send_mail(, mail)
[2020-03-19 12:49:12.786]发送邮件失败
[2020-03-19 12:49:17.776][DEBUG]运行宏1
[2020-03-19 12:49:18.823]发送邮件开始, 发件人:1052163211@qq.com, 收件人:1052163211@qq.com;
[2020-03-19 12:49:18.823]进行重试...
[2020-03-19 12:49:18.823]server = zmail.server('1052163211@qq.com', 'aumisagqwyfabcaf', smtp_host='smtp.qq.com')
mail = {'subject':'【银行系统】RPA处理结果','content_text':'这就是正文','attachments':['D:\\RPA\\summary_data\\20200318_20200318\\网银明细-20200318-﻿2-02.txt','D:/RPA/record/2020-03-19/第1次执行结果统计.txt']}
server.send_mail(, mail)
[2020-03-19 12:49:18.823]发送邮件失败
[2020-03-19 12:49:23.823][DEBUG]运行宏1
[2020-03-19 12:49:24.870]发送邮件开始, 发件人:1052163211@qq.com, 收件人:1052163211@qq.com;
[2020-03-19 12:49:24.870]进行重试...
[2020-03-19 12:49:24.870]server = zmail.server('1052163211@qq.com', 'aumisagqwyfabcaf', smtp_host='smtp.qq.com')
mail = {'subject':'【银行系统】RPA处理结果','content_text':'这就是正文','attachments':['D:\\RPA\\summary_data\\20200318_20200318\\网银明细-20200318-﻿2-02.txt','D:/RPA/record/2020-03-19/第1次执行结果统计.txt']}
server.send_mail(, mail)
[2020-03-19 12:49:24.870]发送邮件失败
[2020-03-19 12:49:29.870][DEBUG]运行结束
[2020-03-19 12:49:42.520][DEBUG]运行宏1
[2020-03-19 12:49:42.558]<<<<<<<<<<<<<<<<<<<<<<<<<<<<<<<<<<<<<<<<<<<<<<<<<<<<<<<<
[2020-03-19 12:49:42.558] 【初始化】执行发送邮件。
[2020-03-19 12:49:42.558]    读取收件人邮箱。
[2020-03-19 12:49:42.561][DEBUG]运行宏1
[2020-03-19 12:49:42.590]    收件人邮箱为：【1052163211@qq.com;】【1052163211@qq.com>sunh0729@163.com;】
[2020-03-19 12:49:42.591]    读取需发送邮件的参数。
[2020-03-19 12:49:42.592]    内容为：0@D:\RPA\summary_data\20200318_20200318\网银明细-20200318-﻿2-02.txt
[2020-03-19 12:49:42.593][DEBUG]运行宏1
[2020-03-19 12:49:42.623]    读取需发送邮件附件2,执行结果记录的路径。
[2020-03-19 12:49:42.625]    运行记录存在。
[2020-03-19 12:49:42.625]    根据参数内容发送邮件。
[2020-03-19 12:49:42.626]    发送【无】数据邮件。
[2020-03-19 12:49:42.626]    附件为汇总整理后的txt空文本。
[2020-03-19 12:49:42.626]    邮件附件存在。
[2020-03-19 12:49:42.627] 【开始】执行发送邮件。
[2020-03-19 12:49:42.628]    发送给中铁的两个附件。
[2020-03-19 12:49:48.004]发送邮件开始, 发件人:1052163211@qq.com, 收件人:1052163211@qq.com;
[2020-03-19 12:49:48.004]进行重试...
[2020-03-19 12:49:48.004]server = zmail.server('1052163211@qq.com', 'aumisagqwyfabcaf', smtp_host='smtp.qq.com')
mail = {'subject':'【银行系统】RPA处理结果','content_text':'这就是正文','attachments':['D:\\RPA\\summary_data\\20200318_20200318\\网银明细-20200318-﻿2-02.txt','D:/RPA/record/2020-03-19/第1次执行结果统计.txt']}
server.send_mail(, mail)
[2020-03-19 12:49:48.004]发送邮件失败
[2020-03-19 12:49:52.995][DEBUG]运行结束
[2020-03-19 12:50:18.799][DEBUG]文件保存:D:\RPA\codes\rpa_code\1_email\email.rpa
[2020-03-19 12:50:19.460][DEBUG]运行宏1
[2020-03-19 12:50:19.498]<<<<<<<<<<<<<<<<<<<<<<<<<<<<<<<<<<<<<<<<<<<<<<<<<<<<<<<<
[2020-03-19 12:50:19.498] 【初始化】执行发送邮件。
[2020-03-19 12:50:19.499]    读取收件人邮箱。
[2020-03-19 12:50:19.501][DEBUG]运行宏1
[2020-03-19 12:50:19.531]    收件人邮箱为：【1052163211@qq.com;】【1052163211@qq.com>sunh0729@163.com;】
[2020-03-19 12:50:19.532]    读取需发送邮件的参数。
[2020-03-19 12:50:19.533]    内容为：0@D:\RPA\summary_data\20200318_20200318\网银明细-20200318-﻿2-02.txt
[2020-03-19 12:50:19.534][DEBUG]运行宏1
[2020-03-19 12:50:19.561]    读取需发送邮件附件2,执行结果记录的路径。
[2020-03-19 12:50:19.563]    运行记录存在。
[2020-03-19 12:50:19.563]    根据参数内容发送邮件。
[2020-03-19 12:50:19.563]    发送【无】数据邮件。
[2020-03-19 12:50:19.564]    附件为汇总整理后的txt空文本。
[2020-03-19 12:50:19.564]    邮件附件存在。
[2020-03-19 12:50:19.565] 【开始】执行发送邮件。
[2020-03-19 12:50:19.566]    发送给中铁的两个附件。
[2020-03-19 12:50:35.522][DEBUG]运行结束
[2020-03-19 12:52:49.473][DEBUG]PasteRows
[2020-03-19 12:52:49.516][DEBUG]总代码行数:115
[2020-03-19 12:53:02.221][DEBUG]总代码行数:116
[2020-03-19 12:53:58.427][DEBUG]文件保存:D:\RPA\codes\rpa_code\1_email\email.rpa
[2020-03-19 12:54:25.342][DEBUG]运行宏1
[2020-03-19 12:54:25.381]<<<<<<<<<<<<<<<<<<<<<<<<<<<<<<<<<<<<<<<<<<<<<<<<<<<<<<<<
[2020-03-19 12:54:25.382] 【初始化】执行发送邮件。
[2020-03-19 12:54:25.382]    读取收件人邮箱。
[2020-03-19 12:54:25.385][DEBUG]运行宏1
[2020-03-19 12:54:25.416]    收件人邮箱为：【1052163211@qq.com;】【1052163211@qq.com>sunh0729@163.com;】
[2020-03-19 12:54:25.416]    读取需发送邮件的参数。
[2020-03-19 12:54:25.417]    内容为：0@D:\RPA\summary_data\20200318_20200318\网银明细-20200318-﻿2-02.txt
[2020-03-19 12:54:25.418][DEBUG]运行宏1
[2020-03-19 12:54:25.446]    读取需发送邮件附件2,执行结果记录的路径。
[2020-03-19 12:54:25.447]    运行记录存在。
[2020-03-19 12:54:25.448]    根据参数内容发送邮件。
[2020-03-19 12:54:25.448]    发送【无】数据邮件。
[2020-03-19 12:54:25.449]    附件为汇总整理后的txt空文本。
[2020-03-19 12:54:25.449]    邮件附件存在。
[2020-03-19 12:54:25.450] 【开始】执行发送邮件。
[2020-03-19 12:54:25.451]    发送给中铁的两个附件。
[2020-03-19 12:54:32.010]发送邮件开始, 发件人:1052163211@qq.com, 收件人:1052163211@qq.com;
[2020-03-19 12:54:32.010]进行重试...
[2020-03-19 12:54:32.010]server = zmail.server('1052163211@qq.com', 'aumisagqwyfabcaf', smtp_host='smtp.qq.com')
mail = {'subject':'【银行系统】RPA处理结果','content_text':'这就是正文','attachments':['D:\\RPA\\summary_data\\20200318_20200318\\网银明细-20200318-﻿2-02.txt','D:\\RPA\\record\\2020-03-19\\第1次执行结果统计.txt']}
server.send_mail(, mail)
[2020-03-19 12:54:32.010]发送邮件失败
[2020-03-19 12:54:37.015][DEBUG]运行宏1
[2020-03-19 12:54:38.050]发送邮件开始, 发件人:1052163211@qq.com, 收件人:1052163211@qq.com;
[2020-03-19 12:54:38.050]进行重试...
[2020-03-19 12:54:38.050]server = zmail.server('1052163211@qq.com', 'aumisagqwyfabcaf', smtp_host='smtp.qq.com')
mail = {'subject':'【银行系统】RPA处理结果','content_text':'这就是正文','attachments':['D:\\RPA\\summary_data\\20200318_20200318\\网银明细-20200318-﻿2-02.txt','D:\\RPA\\record\\2020-03-19\\第1次执行结果统计.txt']}
server.send_mail(, mail)
[2020-03-19 12:54:38.050]发送邮件失败
[2020-03-19 12:54:43.040][DEBUG]运行宏1
[2020-03-19 12:54:44.092]发送邮件开始, 发件人:1052163211@qq.com, 收件人:1052163211@qq.com;
[2020-03-19 12:54:44.092]进行重试...
[2020-03-19 12:54:44.092]server = zmail.server('1052163211@qq.com', 'aumisagqwyfabcaf', smtp_host='smtp.qq.com')
mail = {'subject':'【银行系统】RPA处理结果','content_text':'这就是正文','attachments':['D:\\RPA\\summary_data\\20200318_20200318\\网银明细-20200318-﻿2-02.txt','D:\\RPA\\record\\2020-03-19\\第1次执行结果统计.txt']}
server.send_mail(, mail)
[2020-03-19 12:54:44.092]发送邮件失败
[2020-03-19 12:56:15.374][DEBUG]运行结束
[2020-03-19 12:56:29.732][DEBUG]总代码行数:114
[2020-03-19 12:56:31.347][DEBUG]文件保存:D:\RPA\codes\rpa_code\1_email\email.rpa
[2020-03-19 12:56:50.989][DEBUG]文件保存:D:\RPA\codes\rpa_code\1_email\email.rpa
[2020-03-19 12:56:52.139][DEBUG]运行宏2
[2020-03-19 12:56:52.143]发送邮件开始, 发件人:1052163211@qq.com, 收件人:1052163211@qq.com
[2020-03-19 12:56:52.143]进行重试...
[2020-03-19 12:56:53.189]发送邮件成功
[2020-03-19 12:56:53.191][DEBUG]运行结束
[2020-03-19 12:57:06.933][DEBUG]运行宏2
[2020-03-19 12:57:06.936]发送邮件开始, 发件人:1052163211@qq.com, 收件人:1052163211@qq.com
[2020-03-19 12:57:06.936]进行重试...
[2020-03-19 12:57:07.805]发送邮件成功
[2020-03-19 12:57:07.807][DEBUG]运行结束
[2020-03-19 12:57:17.848][DEBUG]运行宏2
[2020-03-19 12:57:17.853]发送邮件开始, 发件人:1052163211@qq.com, 收件人:1052163211@qq.com
[2020-03-19 12:57:17.853]进行重试...
[2020-03-19 12:57:22.831]发送邮件成功
[2020-03-19 12:57:22.832][DEBUG]运行结束
[2020-03-19 12:57:42.232][DEBUG]运行宏2
[2020-03-19 12:57:42.235]发送邮件开始, 发件人:1052163211@qq.com, 收件人:1052163211@qq.com
[2020-03-19 12:57:42.235]进行重试...
[2020-03-19 12:57:43.400]发送邮件成功
[2020-03-19 12:57:43.402][DEBUG]运行结束
[2020-03-19 12:59:35.892][DEBUG]PasteRows
[2020-03-19 12:59:35.897][DEBUG]总代码行数:115
[2020-03-19 13:04:19.378][DEBUG]运行宏2
[2020-03-19 13:04:19.393]发送邮件开始, 发件人:1052163211@qq.com, 收件人:1052163211@qq.com
[2020-03-19 13:04:19.393]进行重试...
[2020-03-19 13:04:24.536]发送邮件成功
[2020-03-19 13:04:24.541][DEBUG]运行结束
[2020-03-19 13:11:42.850]发送邮件开始, 发件人:1052163211@qq.com, 收件人:1052163211@qq.com
[2020-03-19 13:11:42.850]进行重试...
[2020-03-19 13:11:43.980]发送邮件成功
[2020-03-19 13:11:51.091][DEBUG]UpdateMailAccounts
[2020-03-19 13:11:56.948][DEBUG]文件保存:D:\RPA\codes\rpa_code\1_email\email.rpa
[2020-03-19 13:11:58.077][DEBUG]运行宏2
[2020-03-19 13:11:58.088]发送邮件开始, 发件人:1052163211@qq.com, 收件人:1052163211@qq.com
[2020-03-19 13:11:58.088]进行重试...
[2020-03-19 13:11:59.528]发送邮件成功
[2020-03-19 13:11:59.530][DEBUG]运行结束
[2020-03-19 13:12:08.927][DEBUG]运行宏2
[2020-03-19 13:12:08.933]发送邮件开始, 发件人:1052163211@qq.com, 收件人:1052163211@qq.com
[2020-03-19 13:12:08.933]进行重试...
[2020-03-19 13:12:13.179]发送邮件成功
[2020-03-19 13:12:13.181][DEBUG]运行结束
[2020-03-19 13:12:15.195][DEBUG]运行宏2
[2020-03-19 13:12:15.201]发送邮件开始, 发件人:1052163211@qq.com, 收件人:1052163211@qq.com
[2020-03-19 13:12:15.201]进行重试...
[2020-03-19 13:12:18.129]发送邮件成功
[2020-03-19 13:12:18.131][DEBUG]运行结束
[2020-03-19 13:12:27.740][DEBUG]运行宏2
[2020-03-19 13:12:27.743]发送邮件开始, 发件人:1052163211@qq.com, 收件人:1052163211@qq.com
[2020-03-19 13:12:27.743]进行重试...
[2020-03-19 13:12:28.794]发送邮件成功
[2020-03-19 13:12:28.796][DEBUG]运行结束
[2020-03-19 13:35:19.020]--------------------RPA 编辑器 退出 --------------------
[2020-03-19 13:35:19.595]--------------------Python模块 退出 --------------------
