[2020-03-19 13:38:25.933]--------------------RPA 编辑器 启动 --------------------
[2020-03-19 13:38:25.933]当前版本1.5.4
[2020-03-19 13:38:26.876][DEBUG]参数 D:\RPA\codes\rpa_code\1_email\email.rpa

[2020-03-19 13:38:26.942][DEBUG]文件打开:D:\RPA\codes\rpa_code\1_email\email.rpa
[2020-03-19 13:38:26.982][DEBUG]总代码行数:115
[2020-03-19 13:38:29.691][DEBUG]运行宏1
[2020-03-19 13:38:29.766]<<<<<<<<<<<<<<<<<<<<<<<<<<<<<<<<<<<<<<<<<<<<<<<<<<<<<<<<
[2020-03-19 13:38:29.767] 【初始化】执行发送邮件。
[2020-03-19 13:38:29.767]    读取收件人邮箱。
[2020-03-19 13:38:29.770][DEBUG]运行宏1
[2020-03-19 13:38:29.800]    收件人邮箱为：【1052163211@qq.com;sunh0729@163.com;】【1052163211@qq.com>sunh0729@163.com;】
[2020-03-19 13:38:29.800]    读取需发送邮件的参数。
[2020-03-19 13:38:29.801]    内容为：0@D:\RPA\summary_data\20200318_20200318\网银明细-20200318-﻿2-02.txt
[2020-03-19 13:38:29.802][DEBUG]运行宏1
[2020-03-19 13:38:29.828]    读取需发送邮件附件2,执行结果记录的路径。
[2020-03-19 13:38:29.829]    运行记录存在。
[2020-03-19 13:38:29.830]    根据参数内容发送邮件。
[2020-03-19 13:38:29.830]    发送【无】数据邮件。
[2020-03-19 13:38:29.830]    附件为汇总整理后的txt空文本。
[2020-03-19 13:38:29.831]    邮件附件存在。
[2020-03-19 13:38:29.831] 【开始】执行发送邮件。
[2020-03-19 13:38:29.832]    发送给中铁的两个附件。
[2020-03-19 13:38:34.540]发送邮件开始, 发件人:1052163211@qq.com, 收件人:1052163211@qq.com;sunh0729@163.com;
[2020-03-19 13:38:34.540]进行重试...
[2020-03-19 13:38:34.542]--------------------Python模块 启动 --------------------
[2020-03-19 13:38:34.623]server = zmail.server('1052163211@qq.com', 'aumisagqwyfabcaf', smtp_host='smtp.qq.com')
mail = {'subject':'【银行系统】RPA处理结果','content_text':'本次转换明细为【0】条，文档内容为空！','attachments':['D:\\RPA\\summary_data\\20200318_20200318\\网银明细-20200318-﻿2-02.txt','D:\\RPA\\record\\2020-03-19\\第1次执行结果统计.txt']}
server.send_mail(, mail)
[2020-03-19 13:38:34.623]发送邮件失败
[2020-03-19 13:38:39.619][DEBUG]运行宏1
[2020-03-19 13:38:40.668]发送邮件开始, 发件人:1052163211@qq.com, 收件人:1052163211@qq.com;sunh0729@163.com;
[2020-03-19 13:38:40.668]进行重试...
[2020-03-19 13:38:40.668]server = zmail.server('1052163211@qq.com', 'aumisagqwyfabcaf', smtp_host='smtp.qq.com')
mail = {'subject':'【银行系统】RPA处理结果','content_text':'本次转换明细为【0】条，文档内容为空！','attachments':['D:\\RPA\\summary_data\\20200318_20200318\\网银明细-20200318-﻿2-02.txt','D:\\RPA\\record\\2020-03-19\\第1次执行结果统计.txt']}
server.send_mail(, mail)
[2020-03-19 13:38:40.668]发送邮件失败
[2020-03-19 13:38:45.667][DEBUG]运行结束
[2020-03-19 13:39:31.557][DEBUG]文件保存:D:\RPA\codes\rpa_code\1_email\email.rpa
[2020-03-19 13:39:32.783][DEBUG]运行宏1
[2020-03-19 13:39:32.851]<<<<<<<<<<<<<<<<<<<<<<<<<<<<<<<<<<<<<<<<<<<<<<<<<<<<<<<<
[2020-03-19 13:39:32.852] 【初始化】执行发送邮件。
[2020-03-19 13:39:32.852]    读取收件人邮箱。
[2020-03-19 13:39:32.855][DEBUG]运行宏1
[2020-03-19 13:39:32.883]    收件人邮箱为：【1052163211@qq.com;sunh0729@163.com;】【1052163211@qq.com>sunh0729@163.com;】
[2020-03-19 13:39:32.883]    读取需发送邮件的参数。
[2020-03-19 13:39:32.885]    内容为：0@D:\RPA\summary_data\20200318_20200318\网银明细-20200318-﻿2-02.txt
[2020-03-19 13:39:32.885][DEBUG]运行宏1
[2020-03-19 13:39:32.911]    读取需发送邮件附件2,执行结果记录的路径。
[2020-03-19 13:39:32.912]    运行记录存在。
[2020-03-19 13:39:32.912]    根据参数内容发送邮件。
[2020-03-19 13:39:32.913]    发送【无】数据邮件。
[2020-03-19 13:39:32.913]    附件为汇总整理后的txt空文本。
[2020-03-19 13:39:32.914]    邮件附件存在。
[2020-03-19 13:39:32.914] 【开始】执行发送邮件。
[2020-03-19 13:39:32.915]    发送给中铁的两个附件。
[2020-03-19 13:39:35.496]发送邮件开始, 发件人:1052163211@qq.com, 收件人:1052163211@qq.com;sunh0729@163.com;
[2020-03-19 13:39:35.496]进行重试...
[2020-03-19 13:39:35.497]server = zmail.server('1052163211@qq.com', 'aumisagqwyfabcaf', smtp_host='smtp.qq.com')
mail = {'subject':'【银行系统】RPA处理结果','content_text':'本次转换明细为【0】条，文档内容为空！','attachments':['D:\\RPA\\summary_data\\20200318_20200318\\网银明细-20200318-﻿2-02.txt','D:\\RPA\\record\\2020-03-19\\第1次执行结果统计.txt']}
server.send_mail(, mail)
[2020-03-19 13:39:35.497]发送邮件失败
[2020-03-19 13:39:40.494][DEBUG]运行宏1
[2020-03-19 13:39:41.542]发送邮件开始, 发件人:1052163211@qq.com, 收件人:1052163211@qq.com;sunh0729@163.com;
[2020-03-19 13:39:41.542]进行重试...
[2020-03-19 13:39:41.542]server = zmail.server('1052163211@qq.com', 'aumisagqwyfabcaf', smtp_host='smtp.qq.com')
mail = {'subject':'【银行系统】RPA处理结果','content_text':'本次转换明细为【0】条，文档内容为空！','attachments':['D:\\RPA\\summary_data\\20200318_20200318\\网银明细-20200318-﻿2-02.txt','D:\\RPA\\record\\2020-03-19\\第1次执行结果统计.txt']}
server.send_mail(, mail)
[2020-03-19 13:39:41.542]发送邮件失败
[2020-03-19 13:39:46.540][DEBUG]运行宏1
[2020-03-19 13:39:47.585]发送邮件开始, 发件人:1052163211@qq.com, 收件人:1052163211@qq.com;sunh0729@163.com;
[2020-03-19 13:39:47.585]进行重试...
[2020-03-19 13:39:47.585]server = zmail.server('1052163211@qq.com', 'aumisagqwyfabcaf', smtp_host='smtp.qq.com')
mail = {'subject':'【银行系统】RPA处理结果','content_text':'本次转换明细为【0】条，文档内容为空！','attachments':['D:\\RPA\\summary_data\\20200318_20200318\\网银明细-20200318-﻿2-02.txt','D:\\RPA\\record\\2020-03-19\\第1次执行结果统计.txt']}
server.send_mail(, mail)
[2020-03-19 13:39:47.585]发送邮件失败
[2020-03-19 13:39:52.576][DEBUG]运行结束
[2020-03-19 13:46:07.563]--------------------RPA 编辑器 退出 --------------------
[2020-03-19 13:46:07.621]--------------------Python模块 退出 --------------------
